time="2023-08-20T15:05:26+03:00" level=info msg="INFO\tCreate router" func="github.com/alexPavlikov/electronic_document_management/internal/app.Run()" file="app.go 17"
time="2023-08-20T15:05:26+03:00" level=info msg="INFO\tStart application" func="github.com/alexPavlikov/electronic_document_management/internal/app.start()" file="app.go 29"
time="2023-08-20T15:05:26+03:00" level=info msg="INFO\tListen TCP" func="github.com/alexPavlikov/electronic_document_management/internal/app.start()" file="app.go 34"
time="2023-08-20T15:05:26+03:00" level=info msg="INFO\t Server is listen on port: :10000" func="github.com/alexPavlikov/electronic_document_management/internal/app.start()" file="app.go 36"
time="2023-08-22T21:27:27+03:00" level=info msg="INFO\tCreate router" func="github.com/alexPavlikov/electronic_document_management/internal/app.Run()" file="app.go 22"
time="2023-08-22T21:27:43+03:00" level=fatal msg="ERROR\terror do with tries postgresql" func="github.com/alexPavlikov/electronic_document_management/pkg/client/postgresql.NewClient()" file="db.go 39"
time="2023-09-01T21:09:07+03:00" level=info msg="INFO \tCreate router" func="github.com/alexPavlikov/electronic_document_management/internal/app.Run()" file="app.go 22"
time="2023-09-01T21:09:23+03:00" level=fatal msg="ERROR \terror do with tries postgresql" func="github.com/alexPavlikov/electronic_document_management/pkg/client/postgresql.NewClient()" file="db.go 39"
time="2023-09-01T21:10:19+03:00" level=info msg="INFO \tCreate router" func="github.com/alexPavlikov/electronic_document_management/internal/app.Run()" file="app.go 22"
time="2023-09-01T21:10:35+03:00" level=fatal msg="ERROR \terror do with tries postgresql" func="github.com/alexPavlikov/electronic_document_management/pkg/client/postgresql.NewClient()" file="db.go 40"
time="2023-09-01T21:11:20+03:00" level=info msg="INFO \tCreate router" func="github.com/alexPavlikov/electronic_document_management/internal/app.Run()" file="app.go 22"
time="2023-09-01T21:11:20+03:00" level=info msg="INFO \t - Start users handlers" func="github.com/alexPavlikov/electronic_document_management/internal/app.Run()" file="app.go 34"
time="2023-09-01T21:11:20+03:00" level=info msg="INFO \tStart application" func="github.com/alexPavlikov/electronic_document_management/internal/app.start()" file="app.go 45"
time="2023-09-01T21:11:20+03:00" level=info msg="INFO \tListen TCP" func="github.com/alexPavlikov/electronic_document_management/internal/app.start()" file="app.go 50"
time="2023-09-01T21:11:20+03:00" level=info msg="INFO \t Server is listen on port: :10000" func="github.com/alexPavlikov/electronic_document_management/internal/app.start()" file="app.go 52"
time="2023-09-01T21:13:44+03:00" level=info msg="INFO \tCreate router" func="github.com/alexPavlikov/electronic_document_management/internal/app.Run()" file="app.go 22"
time="2023-09-01T21:13:44+03:00" level=info msg="INFO \t - Start users handlers" func="github.com/alexPavlikov/electronic_document_management/internal/app.Run()" file="app.go 34"
time="2023-09-01T21:13:44+03:00" level=info msg="INFO \tStart application" func="github.com/alexPavlikov/electronic_document_management/internal/app.start()" file="app.go 45"
time="2023-09-01T21:13:44+03:00" level=info msg="INFO \tListen TCP" func="github.com/alexPavlikov/electronic_document_management/internal/app.start()" file="app.go 50"
time="2023-09-01T21:13:44+03:00" level=info msg="INFO \t Server is listen on port: :10000" func="github.com/alexPavlikov/electronic_document_management/internal/app.start()" file="app.go 52"
time="2023-09-01T21:20:58+03:00" level=info msg="INFO \tCreate router" func="github.com/alexPavlikov/electronic_document_management/internal/app.Run()" file="app.go 22"
time="2023-09-01T21:20:58+03:00" level=info msg="INFO \t - Start users handlers" func="github.com/alexPavlikov/electronic_document_management/internal/app.Run()" file="app.go 34"
time="2023-09-01T21:20:58+03:00" level=info msg="INFO \tStart application" func="github.com/alexPavlikov/electronic_document_management/internal/app.start()" file="app.go 45"
time="2023-09-01T21:20:58+03:00" level=info msg="INFO \tListen TCP" func="github.com/alexPavlikov/electronic_document_management/internal/app.start()" file="app.go 50"
time="2023-09-01T21:20:58+03:00" level=info msg="INFO \t Server is listen on port: :10000" func="github.com/alexPavlikov/electronic_document_management/internal/app.start()" file="app.go 52"
time="2023-09-01T21:21:18+03:00" level=info msg="INFO \tCreate router" func="github.com/alexPavlikov/electronic_document_management/internal/app.Run()" file="app.go 22"
time="2023-09-01T21:21:18+03:00" level=info msg="INFO \t - Start users handlers" func="github.com/alexPavlikov/electronic_document_management/internal/app.Run()" file="app.go 34"
time="2023-09-01T21:21:18+03:00" level=info msg="INFO \tStart application" func="github.com/alexPavlikov/electronic_document_management/internal/app.start()" file="app.go 45"
time="2023-09-01T21:21:18+03:00" level=info msg="INFO \tListen TCP" func="github.com/alexPavlikov/electronic_document_management/internal/app.start()" file="app.go 50"
time="2023-09-01T21:21:18+03:00" level=info msg="INFO \t Server is listen on port: :10000" func="github.com/alexPavlikov/electronic_document_management/internal/app.start()" file="app.go 52"
time="2023-09-01T21:24:17+03:00" level=info msg="INFO \tCreate router" func="github.com/alexPavlikov/electronic_document_management/internal/app.Run()" file="app.go 22"
time="2023-09-01T21:24:17+03:00" level=info msg="INFO \t - Start users handlers" func="github.com/alexPavlikov/electronic_document_management/internal/app.Run()" file="app.go 34"
time="2023-09-01T21:24:17+03:00" level=info msg="INFO \tStart application" func="github.com/alexPavlikov/electronic_document_management/internal/app.start()" file="app.go 45"
time="2023-09-01T21:24:17+03:00" level=info msg="INFO \tListen TCP" func="github.com/alexPavlikov/electronic_document_management/internal/app.start()" file="app.go 50"
time="2023-09-01T21:24:17+03:00" level=info msg="INFO \t Server is listen on port: :10000" func="github.com/alexPavlikov/electronic_document_management/internal/app.start()" file="app.go 52"
time="2023-09-01T21:35:10+03:00" level=info msg="INFO \tCreate router" func="github.com/alexPavlikov/electronic_document_management/internal/app.Run()" file="app.go 22"
time="2023-09-01T21:35:10+03:00" level=info msg="INFO \t - Start users handlers" func="github.com/alexPavlikov/electronic_document_management/internal/app.Run()" file="app.go 34"
time="2023-09-01T21:35:10+03:00" level=info msg="INFO \tStart application" func="github.com/alexPavlikov/electronic_document_management/internal/app.start()" file="app.go 45"
time="2023-09-01T21:35:10+03:00" level=info msg="INFO \tListen TCP" func="github.com/alexPavlikov/electronic_document_management/internal/app.start()" file="app.go 50"
time="2023-09-01T21:35:10+03:00" level=info msg="INFO \t Server is listen on port: :10000" func="github.com/alexPavlikov/electronic_document_management/internal/app.start()" file="app.go 52"
time="2023-09-01T21:36:00+03:00" level=info msg="INFO \tCreate router" func="github.com/alexPavlikov/electronic_document_management/internal/app.Run()" file="app.go 22"
time="2023-09-01T21:36:01+03:00" level=info msg="INFO \t - Start users handlers" func="github.com/alexPavlikov/electronic_document_management/internal/app.Run()" file="app.go 34"
time="2023-09-01T21:36:01+03:00" level=info msg="INFO \tStart application" func="github.com/alexPavlikov/electronic_document_management/internal/app.start()" file="app.go 45"
time="2023-09-01T21:36:01+03:00" level=info msg="INFO \tListen TCP" func="github.com/alexPavlikov/electronic_document_management/internal/app.start()" file="app.go 50"
time="2023-09-01T21:36:01+03:00" level=info msg="INFO \t Server is listen on port: :10000" func="github.com/alexPavlikov/electronic_document_management/internal/app.start()" file="app.go 52"
time="2023-09-01T21:36:16+03:00" level=info msg="INFO \tCreate router" func="github.com/alexPavlikov/electronic_document_management/internal/app.Run()" file="app.go 22"
time="2023-09-01T21:36:16+03:00" level=info msg="INFO \t - Start users handlers" func="github.com/alexPavlikov/electronic_document_management/internal/app.Run()" file="app.go 34"
time="2023-09-01T21:36:16+03:00" level=info msg="INFO \tStart application" func="github.com/alexPavlikov/electronic_document_management/internal/app.start()" file="app.go 45"
time="2023-09-01T21:36:16+03:00" level=info msg="INFO \tListen TCP" func="github.com/alexPavlikov/electronic_document_management/internal/app.start()" file="app.go 50"
time="2023-09-01T21:36:16+03:00" level=info msg="INFO \t Server is listen on port: :10000" func="github.com/alexPavlikov/electronic_document_management/internal/app.start()" file="app.go 52"
time="2023-09-01T21:36:23+03:00" level=info msg="INFO \tCreate router" func="github.com/alexPavlikov/electronic_document_management/internal/app.Run()" file="app.go 22"
time="2023-09-01T21:36:23+03:00" level=info msg="INFO \t - Start users handlers" func="github.com/alexPavlikov/electronic_document_management/internal/app.Run()" file="app.go 34"
time="2023-09-01T21:36:23+03:00" level=info msg="INFO \tStart application" func="github.com/alexPavlikov/electronic_document_management/internal/app.start()" file="app.go 45"
time="2023-09-01T21:36:23+03:00" level=info msg="INFO \tListen TCP" func="github.com/alexPavlikov/electronic_document_management/internal/app.start()" file="app.go 50"
time="2023-09-01T21:36:23+03:00" level=info msg="INFO \t Server is listen on port: :10000" func="github.com/alexPavlikov/electronic_document_management/internal/app.start()" file="app.go 52"
time="2023-09-01T21:37:14+03:00" level=info msg="INFO \tCreate router" func="github.com/alexPavlikov/electronic_document_management/internal/app.Run()" file="app.go 22"
time="2023-09-01T21:37:14+03:00" level=info msg="INFO \t - Start users handlers" func="github.com/alexPavlikov/electronic_document_management/internal/app.Run()" file="app.go 34"
time="2023-09-01T21:37:14+03:00" level=info msg="INFO \tStart application" func="github.com/alexPavlikov/electronic_document_management/internal/app.start()" file="app.go 45"
time="2023-09-01T21:37:14+03:00" level=info msg="INFO \tListen TCP" func="github.com/alexPavlikov/electronic_document_management/internal/app.start()" file="app.go 50"
time="2023-09-01T21:37:14+03:00" level=info msg="INFO \t Server is listen on port: :10000" func="github.com/alexPavlikov/electronic_document_management/internal/app.start()" file="app.go 52"
time="2023-09-01T21:37:38+03:00" level=info msg="INFO \tCreate router" func="github.com/alexPavlikov/electronic_document_management/internal/app.Run()" file="app.go 22"
time="2023-09-01T21:37:38+03:00" level=info msg="INFO \t - Start users handlers" func="github.com/alexPavlikov/electronic_document_management/internal/app.Run()" file="app.go 34"
time="2023-09-01T21:37:38+03:00" level=info msg="INFO \tStart application" func="github.com/alexPavlikov/electronic_document_management/internal/app.start()" file="app.go 45"
time="2023-09-01T21:37:38+03:00" level=info msg="INFO \tListen TCP" func="github.com/alexPavlikov/electronic_document_management/internal/app.start()" file="app.go 50"
time="2023-09-01T21:37:38+03:00" level=info msg="INFO \t Server is listen on port: :10000" func="github.com/alexPavlikov/electronic_document_management/internal/app.start()" file="app.go 52"
time="2023-09-01T21:39:04+03:00" level=info msg="INFO \tCreate router" func="github.com/alexPavlikov/electronic_document_management/internal/app.Run()" file="app.go 22"
time="2023-09-01T21:39:04+03:00" level=info msg="INFO \t - Start users handlers" func="github.com/alexPavlikov/electronic_document_management/internal/app.Run()" file="app.go 34"
time="2023-09-01T21:39:04+03:00" level=info msg="INFO \tStart application" func="github.com/alexPavlikov/electronic_document_management/internal/app.start()" file="app.go 45"
time="2023-09-01T21:39:04+03:00" level=info msg="INFO \tListen TCP" func="github.com/alexPavlikov/electronic_document_management/internal/app.start()" file="app.go 50"
time="2023-09-01T21:39:04+03:00" level=info msg="INFO \t Server is listen on port: :10000" func="github.com/alexPavlikov/electronic_document_management/internal/app.start()" file="app.go 52"
time="2023-09-01T21:53:46+03:00" level=info msg="INFO \tCreate router" func="github.com/alexPavlikov/electronic_document_management/internal/app.Run()" file="app.go 22"
time="2023-09-01T21:53:46+03:00" level=info msg="INFO \t - Start users handlers" func="github.com/alexPavlikov/electronic_document_management/internal/app.Run()" file="app.go 34"
time="2023-09-01T21:53:46+03:00" level=info msg="INFO \tStart application" func="github.com/alexPavlikov/electronic_document_management/internal/app.start()" file="app.go 45"
time="2023-09-01T21:53:46+03:00" level=info msg="INFO \tListen TCP" func="github.com/alexPavlikov/electronic_document_management/internal/app.start()" file="app.go 50"
time="2023-09-01T21:53:46+03:00" level=info msg="INFO \t Server is listen on port: :10000" func="github.com/alexPavlikov/electronic_document_management/internal/app.start()" file="app.go 52"
